Case 1
ACT
ATC
CAT
CTA
TAC
TCA

Case 2
BOO
OBO
OOB

Case 3
CDOORT
CDOOTR
CDOROT
CDORTO
CDOTOR
CDOTRO
CDROOT
CDROTO
CDRTOO
CDTOOR
CDTORO
CDTROO
CODORT
CODOTR
CODROT
CODRTO
CODTOR
CODTRO
COODRT
COODTR
COORDT
COORTD
COOTDR
COOTRD
CORDOT
CORDTO
CORODT
COROTD
CORTDO
CORTOD
COTDOR
COTDRO
COTODR
COTORD
COTRDO
COTROD
CRDOOT
CRDOTO
CRDTOO
CRODOT
CRODTO
CROODT
CROOTD
CROTDO
CROTOD
CRTDOO
CRTODO
CRTOOD
CTDOOR
CTDORO
CTDROO
CTODOR
CTODRO
CTOODR
CTOORD
CTORDO
CTOROD
CTRDOO
CTRODO
CTROOD
DCOORT
DCOOTR
DCOROT
DCORTO
DCOTOR
DCOTRO
DCROOT
DCROTO
DCRTOO
DCTOOR
DCTORO
DCTROO
DOCORT
DOCOTR
DOCROT
DOCRTO
DOCTOR
DOCTRO
DOOCRT
DOOCTR
DOORCT
DOORTC
DOOTCR
DOOTRC
DORCOT
DORCTO
DOROCT
DOROTC
DORTCO
DORTOC
DOTCOR
DOTCRO
DOTOCR
DOTORC
DOTRCO
DOTROC
DRCOOT
DRCOTO
DRCTOO
DROCOT
DROCTO
DROOCT
DROOTC
DROTCO
DROTOC
DRTCOO
DRTOCO
DRTOOC
DTCOOR
DTCORO
DTCROO
DTOCOR
DTOCRO
DTOOCR
DTOORC
DTORCO
DTOROC
DTRCOO
DTROCO
DTROOC
OCDORT
OCDOTR
OCDROT
OCDRTO
OCDTOR
OCDTRO
OCODRT
OCODTR
OCORDT
OCORTD
OCOTDR
OCOTRD
OCRDOT
OCRDTO
OCRODT
OCROTD
OCRTDO
OCRTOD
OCTDOR
OCTDRO
OCTODR
OCTORD
OCTRDO
OCTROD
ODCORT
ODCOTR
ODCROT
ODCRTO
ODCTOR
ODCTRO
ODOCRT
ODOCTR
ODORCT
ODORTC
ODOTCR
ODOTRC
ODRCOT
ODRCTO
ODROCT
ODROTC
ODRTCO
ODRTOC
ODTCOR
ODTCRO
ODTOCR
ODTORC
ODTRCO
ODTROC
OOCDRT
OOCDTR
OOCRDT
OOCRTD
OOCTDR
OOCTRD
OODCRT
OODCTR
OODRCT
OODRTC
OODTCR
OODTRC
OORCDT
OORCTD
OORDCT
OORDTC
OORTCD
OORTDC
OOTCDR
OOTCRD
OOTDCR
OOTDRC
OOTRCD
OOTRDC
ORCDOT
ORCDTO
ORCODT
ORCOTD
ORCTDO
ORCTOD
ORDCOT
ORDCTO
ORDOCT
ORDOTC
ORDTCO
ORDTOC
OROCDT
OROCTD
ORODCT
ORODTC
OROTCD
OROTDC
ORTCDO
ORTCOD
ORTDCO
ORTDOC
ORTOCD
ORTODC
OTCDOR
OTCDRO
OTCODR
OTCORD
OTCRDO
OTCROD
OTDCOR
OTDCRO
OTDOCR
OTDORC
OTDRCO
OTDROC
OTOCDR
OTOCRD
OTODCR
OTODRC
OTORCD
OTORDC
OTRCDO
OTRCOD
OTRDCO
OTRDOC
OTROCD
OTRODC
RCDOOT
RCDOTO
RCDTOO
RCODOT
RCODTO
RCOODT
RCOOTD
RCOTDO
RCOTOD
RCTDOO
RCTODO
RCTOOD
RDCOOT
RDCOTO
RDCTOO
RDOCOT
RDOCTO
RDOOCT
RDOOTC
RDOTCO
RDOTOC
RDTCOO
RDTOCO
RDTOOC
ROCDOT
ROCDTO
ROCODT
ROCOTD
ROCTDO
ROCTOD
RODCOT
RODCTO
RODOCT
RODOTC
RODTCO
RODTOC
ROOCDT
ROOCTD
ROODCT
ROODTC
ROOTCD
ROOTDC
ROTCDO
ROTCOD
ROTDCO
ROTDOC
ROTOCD
ROTODC
RTCDOO
RTCODO
RTCOOD
RTDCOO
RTDOCO
RTDOOC
RTOCDO
RTOCOD
RTODCO
RTODOC
RTOOCD
RTOODC
TCDOOR
TCDORO
TCDROO
TCODOR
TCODRO
TCOODR
TCOORD
TCORDO
TCOROD
TCRDOO
TCRODO
TCROOD
TDCOOR
TDCORO
TDCROO
TDOCOR
TDOCRO
TDOOCR
TDOORC
TDORCO
TDOROC
TDRCOO
TDROCO
TDROOC
TOCDOR
TOCDRO
TOCODR
TOCORD
TOCRDO
TOCROD
TODCOR
TODCRO
TODOCR
TODORC
TODRCO
TODROC
TOOCDR
TOOCRD
TOODCR
TOODRC
TOORCD
TOORDC
TORCDO
TORCOD
TORDCO
TORDOC
TOROCD
TORODC
TRCDOO
TRCODO
TRCOOD
TRDCOO
TRDOCO
TRDOOC
TROCDO
TROCOD
TRODCO
TRODOC
TROOCD
TROODC

Case 4
AEIMNP
AEIMPN
AEINMP
AEINPM
AEIPMN
AEIPNM
AEMINP
AEMIPN
AEMNIP
AEMNPI
AEMPIN
AEMPNI
AENIMP
AENIPM
AENMIP
AENMPI
AENPIM
AENPMI
AEPIMN
AEPINM
AEPMIN
AEPMNI
AEPNIM
AEPNMI
AIEMNP
AIEMPN
AIENMP
AIENPM
AIEPMN
AIEPNM
AIMENP
AIMEPN
AIMNEP
AIMNPE
AIMPEN
AIMPNE
AINEMP
AINEPM
AINMEP
AINMPE
AINPEM
AINPME
AIPEMN
AIPENM
AIPMEN
AIPMNE
AIPNEM
AIPNME
AMEINP
AMEIPN
AMENIP
AMENPI
AMEPIN
AMEPNI
AMIENP
AMIEPN
AMINEP
AMINPE
AMIPEN
AMIPNE
AMNEIP
AMNEPI
AMNIEP
AMNIPE
AMNPEI
AMNPIE
AMPEIN
AMPENI
AMPIEN
AMPINE
AMPNEI
AMPNIE
ANEIMP
ANEIPM
ANEMIP
ANEMPI
ANEPIM
ANEPMI
ANIEMP
ANIEPM
ANIMEP
ANIMPE
ANIPEM
ANIPME
ANMEIP
ANMEPI
ANMIEP
ANMIPE
ANMPEI
ANMPIE
ANPEIM
ANPEMI
ANPIEM
ANPIME
ANPMEI
ANPMIE
APEIMN
APEINM
APEMIN
APEMNI
APENIM
APENMI
APIEMN
APIENM
APIMEN
APIMNE
APINEM
APINME
APMEIN
APMENI
APMIEN
APMINE
APMNEI
APMNIE
APNEIM
APNEMI
APNIEM
APNIME
APNMEI
APNMIE
EAIMNP
EAIMPN
EAINMP
EAINPM
EAIPMN
EAIPNM
EAMINP
EAMIPN
EAMNIP
EAMNPI
EAMPIN
EAMPNI
EANIMP
EANIPM
EANMIP
EANMPI
EANPIM
EANPMI
EAPIMN
EAPINM
EAPMIN
EAPMNI
EAPNIM
EAPNMI
EIAMNP
EIAMPN
EIANMP
EIANPM
EIAPMN
EIAPNM
EIMANP
EIMAPN
EIMNAP
EIMNPA
EIMPAN
EIMPNA
EINAMP
EINAPM
EINMAP
EINMPA
EINPAM
EINPMA
EIPAMN
EIPANM
EIPMAN
EIPMNA
EIPNAM
EIPNMA
EMAINP
EMAIPN
EMANIP
EMANPI
EMAPIN
EMAPNI
EMIANP
EMIAPN
EMINAP
EMINPA
EMIPAN
EMIPNA
EMNAIP
EMNAPI
EMNIAP
EMNIPA
EMNPAI
EMNPIA
EMPAIN
EMPANI
EMPIAN
EMPINA
EMPNAI
EMPNIA
ENAIMP
ENAIPM
ENAMIP
ENAMPI
ENAPIM
ENAPMI
ENIAMP
ENIAPM
ENIMAP
ENIMPA
ENIPAM
ENIPMA
ENMAIP
ENMAPI
ENMIAP
ENMIPA
ENMPAI
ENMPIA
ENPAIM
ENPAMI
ENPIAM
ENPIMA
ENPMAI
ENPMIA
EPAIMN
EPAINM
EPAMIN
EPAMNI
EPANIM
EPANMI
EPIAMN
EPIANM
EPIMAN
EPIMNA
EPINAM
EPINMA
EPMAIN
EPMANI
EPMIAN
EPMINA
EPMNAI
EPMNIA
EPNAIM
EPNAMI
EPNIAM
EPNIMA
EPNMAI
EPNMIA
IAEMNP
IAEMPN
IAENMP
IAENPM
IAEPMN
IAEPNM
IAMENP
IAMEPN
IAMNEP
IAMNPE
IAMPEN
IAMPNE
IANEMP
IANEPM
IANMEP
IANMPE
IANPEM
IANPME
IAPEMN
IAPENM
IAPMEN
IAPMNE
IAPNEM
IAPNME
IEAMNP
IEAMPN
IEANMP
IEANPM
IEAPMN
IEAPNM
IEMANP
IEMAPN
IEMNAP
IEMNPA
IEMPAN
IEMPNA
IENAMP
IENAPM
IENMAP
IENMPA
IENPAM
IENPMA
IEPAMN
IEPANM
IEPMAN
IEPMNA
IEPNAM
IEPNMA
IMAENP
IMAEPN
IMANEP
IMANPE
IMAPEN
IMAPNE
IMEANP
IMEAPN
IMENAP
IMENPA
IMEPAN
IMEPNA
IMNAEP
IMNAPE
IMNEAP
IMNEPA
IMNPAE
IMNPEA
IMPAEN
IMPANE
IMPEAN
IMPENA
IMPNAE
IMPNEA
INAEMP
INAEPM
INAMEP
INAMPE
INAPEM
INAPME
INEAMP
INEAPM
INEMAP
INEMPA
INEPAM
INEPMA
INMAEP
INMAPE
INMEAP
INMEPA
INMPAE
INMPEA
INPAEM
INPAME
INPEAM
INPEMA
INPMAE
INPMEA
IPAEMN
IPAENM
IPAMEN
IPAMNE
IPANEM
IPANME
IPEAMN
IPEANM
IPEMAN
IPEMNA
IPENAM
IPENMA
IPMAEN
IPMANE
IPMEAN
IPMENA
IPMNAE
IPMNEA
IPNAEM
IPNAME
IPNEAM
IPNEMA
IPNMAE
IPNMEA
MAEINP
MAEIPN
MAENIP
MAENPI
MAEPIN
MAEPNI
MAIENP
MAIEPN
MAINEP
MAINPE
MAIPEN
MAIPNE
MANEIP
MANEPI
MANIEP
MANIPE
MANPEI
MANPIE
MAPEIN
MAPENI
MAPIEN
MAPINE
MAPNEI
MAPNIE
MEAINP
MEAIPN
MEANIP
MEANPI
MEAPIN
MEAPNI
MEIANP
MEIAPN
MEINAP
MEINPA
MEIPAN
MEIPNA
MENAIP
MENAPI
MENIAP
MENIPA
MENPAI
MENPIA
MEPAIN
MEPANI
MEPIAN
MEPINA
MEPNAI
MEPNIA
MIAENP
MIAEPN
MIANEP
MIANPE
MIAPEN
MIAPNE
MIEANP
MIEAPN
MIENAP
MIENPA
MIEPAN
MIEPNA
MINAEP
MINAPE
MINEAP
MINEPA
MINPAE
MINPEA
MIPAEN
MIPANE
MIPEAN
MIPENA
MIPNAE
MIPNEA
MNAEIP
MNAEPI
MNAIEP
MNAIPE
MNAPEI
MNAPIE
MNEAIP
MNEAPI
MNEIAP
MNEIPA
MNEPAI
MNEPIA
MNIAEP
MNIAPE
MNIEAP
MNIEPA
MNIPAE
MNIPEA
MNPAEI
MNPAIE
MNPEAI
MNPEIA
MNPIAE
MNPIEA
MPAEIN
MPAENI
MPAIEN
MPAINE
MPANEI
MPANIE
MPEAIN
MPEANI
MPEIAN
MPEINA
MPENAI
MPENIA
MPIAEN
MPIANE
MPIEAN
MPIENA
MPINAE
MPINEA
MPNAEI
MPNAIE
MPNEAI
MPNEIA
MPNIAE
MPNIEA
NAEIMP
NAEIPM
NAEMIP
NAEMPI
NAEPIM
NAEPMI
NAIEMP
NAIEPM
NAIMEP
NAIMPE
NAIPEM
NAIPME
NAMEIP
NAMEPI
NAMIEP
NAMIPE
NAMPEI
NAMPIE
NAPEIM
NAPEMI
NAPIEM
NAPIME
NAPMEI
NAPMIE
NEAIMP
NEAIPM
NEAMIP
NEAMPI
NEAPIM
NEAPMI
NEIAMP
NEIAPM
NEIMAP
NEIMPA
NEIPAM
NEIPMA
NEMAIP
NEMAPI
NEMIAP
NEMIPA
NEMPAI
NEMPIA
NEPAIM
NEPAMI
NEPIAM
NEPIMA
NEPMAI
NEPMIA
NIAEMP
NIAEPM
NIAMEP
NIAMPE
NIAPEM
NIAPME
NIEAMP
NIEAPM
NIEMAP
NIEMPA
NIEPAM
NIEPMA
NIMAEP
NIMAPE
NIMEAP
NIMEPA
NIMPAE
NIMPEA
NIPAEM
NIPAME
NIPEAM
NIPEMA
NIPMAE
NIPMEA
NMAEIP
NMAEPI
NMAIEP
NMAIPE
NMAPEI
NMAPIE
NMEAIP
NMEAPI
NMEIAP
NMEIPA
NMEPAI
NMEPIA
NMIAEP
NMIAPE
NMIEAP
NMIEPA
NMIPAE
NMIPEA
NMPAEI
NMPAIE
NMPEAI
NMPEIA
NMPIAE
NMPIEA
NPAEIM
NPAEMI
NPAIEM
NPAIME
NPAMEI
NPAMIE
NPEAIM
NPEAMI
NPEIAM
NPEIMA
NPEMAI
NPEMIA
NPIAEM
NPIAME
NPIEAM
NPIEMA
NPIMAE
NPIMEA
NPMAEI
NPMAIE
NPMEAI
NPMEIA
NPMIAE
NPMIEA
PAEIMN
PAEINM
PAEMIN
PAEMNI
PAENIM
PAENMI
PAIEMN
PAIENM
PAIMEN
PAIMNE
PAINEM
PAINME
PAMEIN
PAMENI
PAMIEN
PAMINE
PAMNEI
PAMNIE
PANEIM
PANEMI
PANIEM
PANIME
PANMEI
PANMIE
PEAIMN
PEAINM
PEAMIN
PEAMNI
PEANIM
PEANMI
PEIAMN
PEIANM
PEIMAN
PEIMNA
PEINAM
PEINMA
PEMAIN
PEMANI
PEMIAN
PEMINA
PEMNAI
PEMNIA
PENAIM
PENAMI
PENIAM
PENIMA
PENMAI
PENMIA
PIAEMN
PIAENM
PIAMEN
PIAMNE
PIANEM
PIANME
PIEAMN
PIEANM
PIEMAN
PIEMNA
PIENAM
PIENMA
PIMAEN
PIMANE
PIMEAN
PIMENA
PIMNAE
PIMNEA
PINAEM
PINAME
PINEAM
PINEMA
PINMAE
PINMEA
PMAEIN
PMAENI
PMAIEN
PMAINE
PMANEI
PMANIE
PMEAIN
PMEANI
PMEIAN
PMEINA
PMENAI
PMENIA
PMIAEN
PMIANE
PMIEAN
PMIENA
PMINAE
PMINEA
PMNAEI
PMNAIE
PMNEAI
PMNEIA
PMNIAE
PMNIEA
PNAEIM
PNAEMI
PNAIEM
PNAIME
PNAMEI
PNAMIE
PNEAIM
PNEAMI
PNEIAM
PNEIMA
PNEMAI
PNEMIA
PNIAEM
PNIAME
PNIEAM
PNIEMA
PNIMAE
PNIMEA
PNMAEI
PNMAIE
PNMEAI
PNMEIA
PNMIAE
PNMIEA

Case 5
AAAAAAAAAA

