Case 1

963174258
178325649
254689731
821437596
496852317
735961824
589713462
317246985
642598173

Case 2

736458912
284169375
951372684
573694821
462781539
198235467
617943258
829516743
345827196

Case 3

914728536
753469821
286315749
678152493
132947658
495683172
347891265
561234987
829576314

Case 4

429817635
185963472
367542198
653189247
274356819
918724563
746238951
532691784
891475326

Case 5

752913864
849672135
316584279
574168923
921345687
638297451
465831792
287459316
193726548

Case 6

458762139
967431582
123895467
289546713
536917248
741328956
395284671
814679325
672153894

Case 7

578496123
326817459
914532687
297158364
145673892
683924571
462781935
751369248
839245716

